build/app/intermediates/manifest_merge_blame_file/debug/manifest-merger-blame-debug-report.txt
1<?xml version="1.0" encoding="utf-8"?>
2<manifest xmlns:android="http://schemas.android.com/apk/res/android"
3    package="com.example.kiran"
4    android:versionCode="1"
5    android:versionName="1.0.0" >
6
7    <uses-sdk
8        android:minSdkVersion="16"
9        android:targetSdkVersion="31" />
10    <!--
11         The INTERNET permission is required for development. Specifically,
12         the Flutter tool needs it to communicate with the running application
13         to allow setting breakpoints, to provide hot reload, etc.
14    -->
15    <uses-permission android:name="android.permission.INTERNET" />
15-->src\debug\AndroidManifest.xml:7:5-66
15-->src\debug\AndroidManifest.xml:7:22-64
16
17    <queries>
17-->src\main\AndroidManifest.xml:34:5-55:15
18
19        <!-- If your app opens https URLs -->
20        <intent>
20-->src\main\AndroidManifest.xml:36:9-39:18
21            <action android:name="android.intent.action.VIEW" />
21-->src\main\AndroidManifest.xml:37:13-65
21-->src\main\AndroidManifest.xml:37:21-62
22
23            <data android:scheme="https" />
23-->src\main\AndroidManifest.xml:38:13-44
23-->src\main\AndroidManifest.xml:38:19-41
24        </intent>
25        <!-- If your app makes calls -->
26        <intent>
26-->src\main\AndroidManifest.xml:41:9-44:18
27            <action android:name="android.intent.action.DIAL" />
27-->src\main\AndroidManifest.xml:42:13-65
27-->src\main\AndroidManifest.xml:42:21-62
28
29            <data android:scheme="tel" />
29-->src\main\AndroidManifest.xml:38:13-44
29-->src\main\AndroidManifest.xml:38:19-41
30        </intent>
31        <!-- If your sends SMS messages -->
32        <intent>
32-->src\main\AndroidManifest.xml:46:9-49:18
33            <action android:name="android.intent.action.SENDTO" />
33-->src\main\AndroidManifest.xml:47:13-67
33-->src\main\AndroidManifest.xml:47:21-64
34
35            <data android:scheme="smsto" />
35-->src\main\AndroidManifest.xml:38:13-44
35-->src\main\AndroidManifest.xml:38:19-41
36        </intent>
37        <!-- If your app sends emails -->
38        <intent>
38-->src\main\AndroidManifest.xml:51:9-54:18
39            <action android:name="android.intent.action.SEND" />
39-->src\main\AndroidManifest.xml:52:13-65
39-->src\main\AndroidManifest.xml:52:21-62
40
41            <data android:mimeType="*/*" />
41-->src\main\AndroidManifest.xml:38:13-44
42        </intent>
43    </queries>
44
45    <application
46        android:name="android.app.Application"
47        android:appComponentFactory="androidx.core.app.CoreComponentFactory"
47-->[androidx.core:core:1.6.0] AndroidManifest.xml:24:18-86
48        android:debuggable="true"
49        android:icon="@mipmap/ic_launcher"
50        android:label="kiran" >
51        <activity
52            android:name="com.example.kiran.MainActivity"
53            android:configChanges="orientation|keyboardHidden|keyboard|screenSize|smallestScreenSize|locale|layoutDirection|fontScale|screenLayout|density|uiMode"
54            android:exported="true"
55            android:hardwareAccelerated="true"
56            android:launchMode="singleTop"
57            android:theme="@style/LaunchTheme"
58            android:windowSoftInputMode="adjustResize" >
59
60            <!--
61                 Specifies an Android theme to apply to this Activity as soon as
62                 the Android process has started. This theme is visible to the user
63                 while the Flutter UI initializes. After that, this theme continues
64                 to determine the Window background behind the Flutter UI.
65            -->
66            <meta-data
67                android:name="io.flutter.embedding.android.NormalTheme"
68                android:resource="@style/NormalTheme" />
69
70            <intent-filter>
71                <action android:name="android.intent.action.MAIN" />
72
73                <category android:name="android.intent.category.LAUNCHER" />
74            </intent-filter>
75        </activity>
76        <!--
77             Don't delete the meta-data below.
78             This is used by the Flutter tool to generate GeneratedPluginRegistrant.java
79        -->
80        <meta-data
81            android:name="flutterEmbedding"
82            android:value="2" />
83
84        <activity
84-->[:url_launcher_android] AndroidManifest.xml:10:9-13:74
85            android:name="io.flutter.plugins.urllauncher.WebViewActivity"
85-->[:url_launcher_android] AndroidManifest.xml:11:13-74
86            android:exported="false"
86-->[:url_launcher_android] AndroidManifest.xml:12:13-37
87            android:theme="@android:style/Theme.NoTitleBar.Fullscreen" />
87-->[:url_launcher_android] AndroidManifest.xml:13:13-71
88
89        <uses-library
89-->[androidx.window:window:1.0.0-beta04] AndroidManifest.xml:25:9-27:40
90            android:name="androidx.window.extensions"
90-->[androidx.window:window:1.0.0-beta04] AndroidManifest.xml:26:13-54
91            android:required="false" />
91-->[androidx.window:window:1.0.0-beta04] AndroidManifest.xml:27:13-37
92        <uses-library
92-->[androidx.window:window:1.0.0-beta04] AndroidManifest.xml:28:9-30:40
93            android:name="androidx.window.sidecar"
93-->[androidx.window:window:1.0.0-beta04] AndroidManifest.xml:29:13-51
94            android:required="false" />
94-->[androidx.window:window:1.0.0-beta04] AndroidManifest.xml:30:13-37
95    </application>
96
97</manifest>